<?xml version="1.0" encoding="UTF-8"?>
<testsuite xmlns:xsi="http://www.w3.org/2001/XMLSchema-instance" xsi:noNamespaceSchemaLocation="https://maven.apache.org/surefire/maven-surefire-plugin/xsd/surefire-test-report.xsd" version="3.0.2" name="com.coworking.discovery.DiscoveryApplicationTests" time="51.215" tests="1" errors="0" skipped="0" failures="0" flakes="0">
  <properties>
[...]
</properties>
  <testcase name="contextLoads" classname="com.coworking.discovery.DiscoveryApplicationTests" time="3.535">
    <system-out><![CDATA[21:58:37.243 [main] INFO org.springframework.test.context.support.AnnotationConfigContextLoaderUtils -- Could not detect default configuration classes for test class [com.coworking.discovery.DiscoveryApplicationTests]: DiscoveryApplicationTests does not declare any static, non-private, non-final, nested classes annotated with @Configuration.
21:58:39.305 [main] INFO org.springframework.boot.test.context.SpringBootTestContextBootstrapper -- Found @SpringBootConfiguration com.coworking.discovery.DiscoveryApplication for test class com.coworking.discovery.DiscoveryApplicationTests

  .   ____          _            __ _ _
 /\\ / ___'_ __ _ _(_)_ __  __ _ \ \ \ \
( ( )\___ | '_ | '_| | '_ \/ _` | \ \ \ \
 \\/  ___)| |_)| | | | | || (_| |  ) ) ) )
  '  |____| .__|_| |_|_| |_\__, | / / / /
 =========|_|==============|___/=/_/_/_/

 :: Spring Boot ::               (v3.5.14)

2026-05-08T21:58:48.584+03:00  INFO 4676 --- [discovery-server] [           main] c.c.discovery.DiscoveryApplicationTests  : Starting DiscoveryApplicationTests using Java 25.0.2 with PID 4676 (started by Noah in C:\Users\Noah\Downloads\se\discovery)
2026-05-08T21:58:48.587+03:00  INFO 4676 --- [discovery-server] [           main] c.c.discovery.DiscoveryApplicationTests  : No active profile set, falling back to 1 default profile: "default"
2026-05-08T21:59:00.956+03:00  INFO 4676 --- [discovery-server] [           main] o.s.cloud.context.scope.GenericScope     : BeanFactory id=24cc2625-639b-3122-afbc-6e69a0f53e33
2026-05-08T21:59:06.390+03:00  INFO 4676 --- [discovery-server] [           main] o.s.v.b.OptionalValidatorFactoryBean     : Failed to set up a Bean Validation provider: jakarta.validation.NoProviderFoundException: Unable to create a Configuration, because no Jakarta Bean Validation provider could be found. Add a provider like Hibernate Validator (RI) to your classpath.
2026-05-08T21:59:16.285+03:00  WARN 4676 --- [discovery-server] [           main] iguration$LoadBalancerCaffeineWarnLogger : Spring Cloud LoadBalancer is currently working with the default cache. While this cache implementation is useful for development and tests, it's recommended to use Caffeine cache in production.You can switch to using Caffeine cache, by adding it and org.springframework.cache.caffeine.CaffeineCacheManager to the classpath.
2026-05-08T21:59:18.404+03:00  INFO 4676 --- [discovery-server] [           main] o.s.c.n.eureka.InstanceInfoFactory       : Setting initial instance status as: STARTING
2026-05-08T21:59:18.602+03:00  INFO 4676 --- [discovery-server] [           main] com.netflix.discovery.DiscoveryClient    : Initializing Eureka in region us-east-1
2026-05-08T21:59:18.606+03:00  INFO 4676 --- [discovery-server] [           main] com.netflix.discovery.DiscoveryClient    : Client configured to neither register nor query for data.
2026-05-08T21:59:18.621+03:00  INFO 4676 --- [discovery-server] [           main] com.netflix.discovery.DiscoveryClient    : Discovery Client initialized at timestamp 1778266758612 with initial instances count: 0
2026-05-08T21:59:18.980+03:00  INFO 4676 --- [discovery-server] [           main] c.n.eureka.DefaultEurekaServerContext    : Initializing ...
2026-05-08T21:59:18.985+03:00  INFO 4676 --- [discovery-server] [           main] c.n.eureka.cluster.PeerEurekaNodes       : Adding new peer nodes [http://localhost:8761/eureka/]
2026-05-08T21:59:19.802+03:00  INFO 4676 --- [discovery-server] [           main] c.n.d.provider.DiscoveryJerseyProvider   : Using JSON encoding codec LegacyJacksonJson
2026-05-08T21:59:19.803+03:00  INFO 4676 --- [discovery-server] [           main] c.n.d.provider.DiscoveryJerseyProvider   : Using JSON decoding codec LegacyJacksonJson
2026-05-08T21:59:19.804+03:00  INFO 4676 --- [discovery-server] [           main] c.n.d.provider.DiscoveryJerseyProvider   : Using XML encoding codec XStreamXml
2026-05-08T21:59:19.804+03:00  INFO 4676 --- [discovery-server] [           main] c.n.d.provider.DiscoveryJerseyProvider   : Using XML decoding codec XStreamXml
2026-05-08T21:59:20.335+03:00  INFO 4676 --- [discovery-server] [           main] c.n.eureka.cluster.PeerEurekaNodes       : Replica node URL:  http://localhost:8761/eureka/
2026-05-08T21:59:20.370+03:00  INFO 4676 --- [discovery-server] [           main] c.n.e.registry.AbstractInstanceRegistry  : Finished initializing remote region registries. All known remote regions: []
2026-05-08T21:59:20.371+03:00  INFO 4676 --- [discovery-server] [           main] c.n.eureka.DefaultEurekaServerContext    : Initialized
2026-05-08T21:59:21.704+03:00  INFO 4676 --- [discovery-server] [           main] o.s.b.a.e.web.EndpointLinksResolver      : Exposing 1 endpoint beneath base path '/actuator'
2026-05-08T21:59:22.414+03:00  INFO 4676 --- [discovery-server] [           main] o.s.c.n.e.s.EurekaServiceRegistry        : Registering application DISCOVERY-SERVER with eureka with status UP
2026-05-08T21:59:22.597+03:00  INFO 4676 --- [discovery-server] [      Thread-10] o.s.c.n.e.server.EurekaServerBootstrap   : isAws returned false
2026-05-08T21:59:22.598+03:00  INFO 4676 --- [discovery-server] [      Thread-10] o.s.c.n.e.server.EurekaServerBootstrap   : Initialized server context
2026-05-08T21:59:22.599+03:00  INFO 4676 --- [discovery-server] [      Thread-10] c.n.e.r.PeerAwareInstanceRegistryImpl    : Got 1 instances from neighboring DS node
2026-05-08T21:59:22.599+03:00  INFO 4676 --- [discovery-server] [      Thread-10] c.n.e.r.PeerAwareInstanceRegistryImpl    : Renew threshold is: 1
2026-05-08T21:59:22.600+03:00  INFO 4676 --- [discovery-server] [      Thread-10] c.n.e.r.PeerAwareInstanceRegistryImpl    : Changing status to UP
2026-05-08T21:59:22.602+03:00  INFO 4676 --- [discovery-server] [           main] c.c.discovery.DiscoveryApplicationTests  : Started DiscoveryApplicationTests in 38.236 seconds (process running for 53.03)
2026-05-08T21:59:22.605+03:00  INFO 4676 --- [discovery-server] [      Thread-10] e.s.EurekaServerInitializerConfiguration : Started Eureka Server
]]></system-out>
    <system-err><![CDATA[Mockito is currently self-attaching to enable the inline-mock-maker. This will no longer work in future releases of the JDK. Please add Mockito as an agent to your build as described in Mockito's documentation: https://javadoc.io/doc/org.mockito/mockito-core/latest/org.mockito/org/mockito/Mockito.html#0.3
WARNING: A Java agent has been loaded dynamically (C:\Users\Noah\.m2\repository\net\bytebuddy\byte-buddy-agent\1.17.8\byte-buddy-agent-1.17.8.jar)
WARNING: If a serviceability tool is in use, please run with -XX:+EnableDynamicAgentLoading to hide this warning
WARNING: If a serviceability tool is not in use, please run with -Djdk.instrument.traceUsage for more information
WARNING: Dynamic loading of agents will be disallowed by default in a future release
]]></system-err>
  </testcase>
</testsuite>